Warning: You are sending unauthenticated requests to the HF Hub. Please set a HF_TOKEN to enable higher rate limits and faster downloads.
Loading weights:   0%|          | 0/199 [00:00<?, ?it/s]Loading weights: 100%|##########| 199/199 [00:00<00:00, 3827.01it/s]
[1mMPNetModel LOAD REPORT[0m from: sentence-transformers/all-mpnet-base-v2
Key                     | Status     |  | 
------------------------+------------+--+-
embeddings.position_ids | UNEXPECTED |  | 

Notes:
- UNEXPECTED:	can be ignored when loading from different task/architecture; not ok if you expect identical arch.

  [SC] Indian-Supreme-Court-Judgments — ALL judgments (no filter)
Traceback (most recent call last):
  File "C:\Users\vemul\LegalDebateAI\scrapers\verdicts_hf_scraper.py", line 225, in <module>
    run_sc_judgments(max_files=args.max_sc)
  File "C:\Users\vemul\LegalDebateAI\scrapers\verdicts_hf_scraper.py", line 98, in run_sc_judgments
    print(f"  Current SC chunks: {_sc_col.count():,}")
                                  ^^^^^^^^^^^^^^^
  File "C:\Users\vemul\LegalDebateAI\venv\Lib\site-packages\chromadb\api\models\Collection.py", line 53, in count
    return self._client._count(
           ^^^^^^^^^^^^^^^^^^^^
  File "C:\Users\vemul\LegalDebateAI\venv\Lib\site-packages\chromadb\api\rust.py", line 397, in _count
    return self.bindings.count(str(collection_id), tenant, database)
           ^^^^^^^^^^^^^^^^^^^^^^^^^^^^^^^^^^^^^^^^^^^^^^^^^^^^^^^^^
chromadb.errors.InternalError: Error executing plan: Error sending backfill request to compactor: Error constructing hnsw segment reader: Error creating hnsw segment reader: Error loading hnsw index
